C:\USERS\VAUGHN\DOCUMENTS\PORTFOLIO\NEW PORTFOLIO\PGE\DEBUG\PGEMESHCONV.EXE
C:\USERS\VAUGHN\DOCUMENTS\PORTFOLIO\NEW PORTFOLIO\PGE\DEBUG\PGEMESHCONV.ILK
C:\USERS\VAUGHN\DOCUMENTS\PORTFOLIO\NEW PORTFOLIO\PGE\DEBUG\PGEMESHCONV.PDB
C:\Users\Vaughn\Documents\Portfolio\New portfolio\pge\pgemeshconv\Debug\cl.command.1.tlog
C:\Users\Vaughn\Documents\Portfolio\New portfolio\pge\pgemeshconv\Debug\CL.read.1.tlog
C:\Users\Vaughn\Documents\Portfolio\New portfolio\pge\pgemeshconv\Debug\CL.write.1.tlog
C:\Users\Vaughn\Documents\Portfolio\New portfolio\pge\pgemeshconv\Debug\link.command.1.tlog
C:\Users\Vaughn\Documents\Portfolio\New portfolio\pge\pgemeshconv\Debug\link.read.1.tlog
C:\Users\Vaughn\Documents\Portfolio\New portfolio\pge\pgemeshconv\Debug\link.write.1.tlog
C:\Users\Vaughn\Documents\Portfolio\New portfolio\pge\pgemeshconv\Debug\link-cvtres.read.1.tlog
C:\Users\Vaughn\Documents\Portfolio\New portfolio\pge\pgemeshconv\Debug\link-cvtres.write.1.tlog
C:\Users\Vaughn\Documents\Portfolio\New portfolio\pge\pgemeshconv\Debug\mt.command.1.tlog
C:\Users\Vaughn\Documents\Portfolio\New portfolio\pge\pgemeshconv\Debug\mt.read.1.tlog
C:\Users\Vaughn\Documents\Portfolio\New portfolio\pge\pgemeshconv\Debug\mt.write.1.tlog
C:\Users\Vaughn\Documents\Portfolio\New portfolio\pge\pgemeshconv\Debug\pgemeshconv.exe.embed.manifest
C:\USERS\VAUGHN\DOCUMENTS\PORTFOLIO\NEW PORTFOLIO\PGE\PGEMESHCONV\DEBUG\PGEMESHCONV.EXE.EMBED.MANIFEST.RES
C:\USERS\VAUGHN\DOCUMENTS\PORTFOLIO\NEW PORTFOLIO\PGE\PGEMESHCONV\DEBUG\PGEMESHCONV.EXE.INTERMEDIATE.MANIFEST
C:\USERS\VAUGHN\DOCUMENTS\PORTFOLIO\NEW PORTFOLIO\PGE\PGEMESHCONV\DEBUG\PGEMESHCONV.OBJ
C:\USERS\VAUGHN\DOCUMENTS\PORTFOLIO\NEW PORTFOLIO\PGE\PGEMESHCONV\DEBUG\PGEMESHCONV.PCH
C:\Users\Vaughn\Documents\Portfolio\New portfolio\pge\pgemeshconv\Debug\pgemeshconv_manifest.rc
C:\Users\Vaughn\Documents\Portfolio\New portfolio\pge\pgemeshconv\Debug\rc.command.1.tlog
C:\Users\Vaughn\Documents\Portfolio\New portfolio\pge\pgemeshconv\Debug\rc.read.1.tlog
C:\Users\Vaughn\Documents\Portfolio\New portfolio\pge\pgemeshconv\Debug\rc.write.1.tlog
C:\USERS\VAUGHN\DOCUMENTS\PORTFOLIO\NEW PORTFOLIO\PGE\PGEMESHCONV\DEBUG\STDAFX.OBJ
C:\Users\Vaughn\Documents\Portfolio\New portfolio\pge\pgemeshconv\Debug\vc100.idb
C:\USERS\VAUGHN\DOCUMENTS\PORTFOLIO\NEW PORTFOLIO\PGE\PGEMESHCONV\DEBUG\VC100.PDB
C:\Users\Vaughn\Documents\Portfolio\New portfolio\pge\pgemeshconv\Debug\vc80.idb
C:\Users\Vaughn\Documents\Portfolio\New portfolio\pge\pgemeshconv\Debug\vc80.pdb
C:\USERS\VAUGHN\DOCUMENTS\PORTFOLIO\OLD PROJECTS FOLDER\DIRECTX10\PGE\DEBUG\PGEMESHCONV.EXE
C:\USERS\VAUGHN\DOCUMENTS\PORTFOLIO\OLD PROJECTS FOLDER\DIRECTX10\PGE\DEBUG\PGEMESHCONV.ILK
C:\USERS\VAUGHN\DOCUMENTS\PORTFOLIO\OLD PROJECTS FOLDER\DIRECTX10\PGE\DEBUG\PGEMESHCONV.PDB
C:\USERS\VAUGHN\DOCUMENTS\PORTFOLIO\OLD PROJECTS FOLDER\DIRECTX10\PGE\PGEMESHCONV\DEBUG\PGEMESHCONV.EXE.EMBED.MANIFEST
C:\USERS\VAUGHN\DOCUMENTS\PORTFOLIO\OLD PROJECTS FOLDER\DIRECTX10\PGE\PGEMESHCONV\DEBUG\PGEMESHCONV.EXE.EMBED.MANIFEST.RES
C:\USERS\VAUGHN\DOCUMENTS\PORTFOLIO\OLD PROJECTS FOLDER\DIRECTX10\PGE\PGEMESHCONV\DEBUG\PGEMESHCONV.EXE.INTERMEDIATE.MANIFEST
C:\USERS\VAUGHN\DOCUMENTS\PORTFOLIO\OLD PROJECTS FOLDER\DIRECTX10\PGE\PGEMESHCONV\DEBUG\PGEMESHCONV.OBJ
C:\USERS\VAUGHN\DOCUMENTS\PORTFOLIO\OLD PROJECTS FOLDER\DIRECTX10\PGE\PGEMESHCONV\DEBUG\PGEMESHCONV.PCH
C:\USERS\VAUGHN\DOCUMENTS\PORTFOLIO\OLD PROJECTS FOLDER\DIRECTX10\PGE\PGEMESHCONV\DEBUG\STDAFX.OBJ
C:\USERS\VAUGHN\DOCUMENTS\PORTFOLIO\OLD PROJECTS FOLDER\DIRECTX10\PGE\PGEMESHCONV\DEBUG\VC100.PDB
