Build started 23/02/2012 11:19:31 PM.
     1>Project "C:\Users\Vaughn\Documents\Portfolio\New portfolio\pge\pgemeshconv\pgemeshconv.vcxproj" on node 3 (rebuild target(s)).
     1>_PrepareForClean:
         Deleting file "Debug\pgemeshconv.lastbuildstate".
       InitializeBuildStatus:
         Creating "Debug\pgemeshconv.unsuccessfulbuild" because "AlwaysCreate" was specified.
       ClCompile:
         c:\Program Files (x86)\Microsoft Visual Studio 10.0\VC\bin\CL.exe /c /I"C:\Program Files (x86)\Microsoft DirectX SDK (June 2010)\Include" /ZI /nologo /W3 /WX- /Od /Oy- /D WIN32 /D _DEBUG /D _CONSOLE /D _UNICODE /D UNICODE /Gm /EHsc /RTC1 /MDd /GS /fp:precise /Zc:wchar_t /Zc:forScope /Yc"StdAfx.h" /Fp"Debug\pgemeshconv.pch" /Fo"Debug\\" /Fd"Debug\vc100.pdb" /Gd /TP /analyze- /errorReport:prompt stdafx.cpp
         stdafx.cpp
         c:\Program Files (x86)\Microsoft Visual Studio 10.0\VC\bin\CL.exe /c /I"C:\Program Files (x86)\Microsoft DirectX SDK (June 2010)\Include" /ZI /nologo /W3 /WX- /Od /Oy- /D WIN32 /D _DEBUG /D _CONSOLE /D _UNICODE /D UNICODE /Gm /EHsc /RTC1 /MDd /GS /fp:precise /Zc:wchar_t /Zc:forScope /Yu"StdAfx.h" /Fp"Debug\pgemeshconv.pch" /Fo"Debug\\" /Fd"Debug\vc100.pdb" /Gd /TP /analyze- /errorReport:prompt pgemeshconv.cpp
         pgemeshconv.cpp
       ManifestResourceCompile:
         C:\Program Files (x86)\Microsoft SDKs\Windows\v7.0A\bin\rc.exe /nologo /fo"Debug\pgemeshconv.exe.embed.manifest.res" Debug\pgemeshconv_manifest.rc 
       Link:
         c:\Program Files (x86)\Microsoft Visual Studio 10.0\VC\bin\link.exe /ERRORREPORT:PROMPT /OUT:"C:\Users\Vaughn\Documents\Portfolio\New portfolio\pge\Debug\pgemeshconv.exe" /INCREMENTAL /NOLOGO /LIBPATH:"C:\Program Files (x86)\Microsoft DirectX SDK (June 2010)\Lib\x86" d3d9.lib d3dx9.lib kernel32.lib user32.lib gdi32.lib winspool.lib comdlg32.lib advapi32.lib shell32.lib ole32.lib oleaut32.lib uuid.lib odbc32.lib odbccp32.lib /MANIFEST /ManifestFile:"Debug\pgemeshconv.exe.intermediate.manifest" /MANIFESTUAC:"level='asInvoker' uiAccess='false'" /DEBUG /PDB:"C:\Users\Vaughn\Documents\Portfolio\New portfolio\pge\Debug\pgemeshconv.pdb" /SUBSYSTEM:CONSOLE /TLBID:1 /DYNAMICBASE /NXCOMPAT /IMPLIB:"C:\Users\Vaughn\Documents\Portfolio\New portfolio\pge\Debug\pgemeshconv.lib" /MACHINE:X86 Debug\pgemeshconv.exe.embed.manifest.res
         Debug\pgemeshconv.obj
         Debug\stdafx.obj
       Manifest:
         Deleting file "Debug\pgemeshconv.exe.embed.manifest".
         C:\Program Files (x86)\Microsoft SDKs\Windows\v7.0A\bin\mt.exe /nologo /verbose /out:"Debug\pgemeshconv.exe.embed.manifest" /manifest Debug\pgemeshconv.exe.intermediate.manifest
         C:\Program Files (x86)\Microsoft SDKs\Windows\v7.0A\bin\rc.exe /nologo /fo"Debug\pgemeshconv.exe.embed.manifest.res" Debug\pgemeshconv_manifest.rc 
       LinkEmbedManifest:
         c:\Program Files (x86)\Microsoft Visual Studio 10.0\VC\bin\link.exe /ERRORREPORT:PROMPT /OUT:"C:\Users\Vaughn\Documents\Portfolio\New portfolio\pge\Debug\pgemeshconv.exe" /INCREMENTAL /NOLOGO /LIBPATH:"C:\Program Files (x86)\Microsoft DirectX SDK (June 2010)\Lib\x86" d3d9.lib d3dx9.lib kernel32.lib user32.lib gdi32.lib winspool.lib comdlg32.lib advapi32.lib shell32.lib ole32.lib oleaut32.lib uuid.lib odbc32.lib odbccp32.lib /MANIFEST /ManifestFile:"Debug\pgemeshconv.exe.intermediate.manifest" /MANIFESTUAC:"level='asInvoker' uiAccess='false'" /DEBUG /PDB:"C:\Users\Vaughn\Documents\Portfolio\New portfolio\pge\Debug\pgemeshconv.pdb" /SUBSYSTEM:CONSOLE /TLBID:1 /DYNAMICBASE /NXCOMPAT /IMPLIB:"C:\Users\Vaughn\Documents\Portfolio\New portfolio\pge\Debug\pgemeshconv.lib" /MACHINE:X86 Debug\pgemeshconv.exe.embed.manifest.res
         Debug\pgemeshconv.obj
         Debug\stdafx.obj
         pgemeshconv.vcxproj -> C:\Users\Vaughn\Documents\Portfolio\New portfolio\pge\Debug\pgemeshconv.exe
       FinalizeBuildStatus:
         Deleting file "Debug\pgemeshconv.unsuccessfulbuild".
         Touching "Debug\pgemeshconv.lastbuildstate".
     1>Done Building Project "C:\Users\Vaughn\Documents\Portfolio\New portfolio\pge\pgemeshconv\pgemeshconv.vcxproj" (rebuild target(s)).

Build succeeded.

Time Elapsed 00:00:05.16
