Build started 23/02/2012 12:30:41 PM.
     1>Project "C:\Users\Vaughn\Documents\Portfolio\New portfolio\pge\pgemeshconv\pgemeshconv.vcxproj" on node 3 (build target(s)).
     1>InitializeBuildStatus:
         Touching "Release\pgemeshconv.unsuccessfulbuild".
       ClCompile:
         c:\Program Files (x86)\Microsoft Visual Studio 10.0\VC\bin\CL.exe /c /I"C:\Program Files (x86)\Microsoft DirectX SDK (June 2010)\Include" /Zi /nologo /W3 /WX- /O2 /Oy- /GL /D WIN32 /D NDEBUG /D _CONSOLE /D _UNICODE /D UNICODE /Gm- /EHsc /MD /GS /fp:precise /Zc:wchar_t /Zc:forScope /Yc"StdAfx.h" /Fp"Release\pgemeshconv.pch" /Fo"Release\\" /Fd"Release\vc100.pdb" /Gd /TP /analyze- /errorReport:prompt stdafx.cpp
         stdafx.cpp
         c:\Program Files (x86)\Microsoft Visual Studio 10.0\VC\bin\CL.exe /c /I"C:\Program Files (x86)\Microsoft DirectX SDK (June 2010)\Include" /Zi /nologo /W3 /WX- /O2 /Oy- /GL /D WIN32 /D NDEBUG /D _CONSOLE /D _UNICODE /D UNICODE /Gm- /EHsc /MD /GS /fp:precise /Zc:wchar_t /Zc:forScope /Yu"StdAfx.h" /Fp"Release\pgemeshconv.pch" /Fo"Release\\" /Fd"Release\vc100.pdb" /Gd /TP /analyze- /errorReport:prompt pgemeshconv.cpp
         pgemeshconv.cpp
       Link:
         c:\Program Files (x86)\Microsoft Visual Studio 10.0\VC\bin\link.exe /ERRORREPORT:PROMPT /OUT:"C:\Users\Vaughn\Documents\Portfolio\New portfolio\pge\Release\pgemeshconv.exe" /INCREMENTAL:NO /NOLOGO /LIBPATH:"C:\Program Files (x86)\Microsoft DirectX SDK (June 2010)\Lib\x86" d3d9.lib d3dx9.lib kernel32.lib user32.lib gdi32.lib winspool.lib comdlg32.lib advapi32.lib shell32.lib ole32.lib oleaut32.lib uuid.lib odbc32.lib odbccp32.lib /MANIFEST /ManifestFile:"Release\pgemeshconv.exe.intermediate.manifest" /MANIFESTUAC:"level='asInvoker' uiAccess='false'" /DEBUG /PDB:"C:\Users\Vaughn\Documents\Portfolio\New portfolio\pge\Release\pgemeshconv.pdb" /SUBSYSTEM:CONSOLE /OPT:REF /OPT:ICF /LTCG /TLBID:1 /DYNAMICBASE /NXCOMPAT /IMPLIB:"C:\Users\Vaughn\Documents\Portfolio\New portfolio\pge\Release\pgemeshconv.lib" /MACHINE:X86 Release\pgemeshconv.obj
         Release\stdafx.obj
         Generating code
         Finished generating code
         pgemeshconv.vcxproj -> C:\Users\Vaughn\Documents\Portfolio\New portfolio\pge\Release\pgemeshconv.exe
       Manifest:
         C:\Program Files (x86)\Microsoft SDKs\Windows\v7.0A\bin\mt.exe /nologo /verbose /outputresource:"C:\Users\Vaughn\Documents\Portfolio\New portfolio\pge\Release\pgemeshconv.exe;#1" /manifest Release\pgemeshconv.exe.intermediate.manifest
       FinalizeBuildStatus:
         Deleting file "Release\pgemeshconv.unsuccessfulbuild".
         Touching "Release\pgemeshconv.lastbuildstate".
     1>Done Building Project "C:\Users\Vaughn\Documents\Portfolio\New portfolio\pge\pgemeshconv\pgemeshconv.vcxproj" (build target(s)).

Build succeeded.

Time Elapsed 00:00:04.23
